<?xml version="1.0" encoding="UTF-8"?>
  <testsuite name="cert-manager e2e suite" tests="12" failures="0" errors="0" time="253.931">
      <testcase name="[Conformance] Certificates with issuer type VaultAppRole ClusterIssuer should issue a certificate that includes only a URISANs name" classname="cert-manager e2e suite" time="28.63689484"></testcase>
      <testcase name="[cert-manager] Vault Issuer CertificateRequest (AppRole with a custom mount path) should generate a new valid certificate" classname="cert-manager e2e suite" time="19.720646726"></testcase>
      <testcase name="[Conformance] Certificates with issuer type CA Issuer should issue a certificate that defines an Email Address" classname="cert-manager e2e suite" time="17.056584773"></testcase>
      <testcase name="[cert-manager] Vault ClusterIssuer Certificate (AppRole with a custom mount path) should generate a new valid certificate" classname="cert-manager e2e suite" time="40.687180612"></testcase>
      <testcase name="[Conformance] Certificates with issuer type VaultAppRole ClusterIssuer should issue a basic, defaulted certificate for a single Common Name" classname="cert-manager e2e suite" time="26.312560407"></testcase>
      <testcase name="[Conformance] Certificates with issuer type VaultAppRole Issuer should issue another certificate with the same private key if the existing certificate and CertificateRequest are deleted" classname="cert-manager e2e suite" time="41.335649056"></testcase>
      <testcase name="[cert-manager] Vault Issuer Certificate (AppRole) should generate a new certificate valid for 35 days" classname="cert-manager e2e suite" time="29.211250397"></testcase>
      <testcase name="[cert-manager] Vault Issuer should fail to init with missing Vault Token" classname="cert-manager e2e suite" time="9.90800354"></testcase>
      <testcase name="[cert-manager] Self Signed Certificate should generate a signed keypair valid for the default duration (90 days)" classname="cert-manager e2e suite" time="15.556856545"></testcase>
      <testcase name="[Conformance] Certificates with issuer type CA Issuer should issue a basic, defaulted certificate for a single distinct DNS Name" classname="cert-manager e2e suite" time="18.030562623"></testcase>
      <testcase name="[cert-manager] ACME Issuer should fail to register an ACME account" classname="cert-manager e2e suite" time="2.528414722"></testcase>
  </testsuite>