<?xml version="1.0" encoding="UTF-8"?>
  <testsuite name="cert-manager e2e suite" tests="11" failures="0" errors="0" time="253.964">
      <testcase name="[Conformance] [RBAC] CertificateRequests with namespace view access shouldn&#39;t be able to patch certificaterequests" classname="cert-manager e2e suite" time="1.135334298"></testcase>
      <testcase name="[Conformance] [RBAC] Issuers with namespace edit access should be able to update issuers" classname="cert-manager e2e suite" time="1.028456148"></testcase>
      <testcase name="[cert-manager] Vault ClusterIssuer Certificate (AppRole) should generate a new certificate valid for 35 days" classname="cert-manager e2e suite" time="31.635748026"></testcase>
      <testcase name="[cert-manager] Vault Issuer should fail to init with missing Kubernetes Role" classname="cert-manager e2e suite" time="15.459763564"></testcase>
      <testcase name="[Conformance] Certificates with issuer type VaultAppRole Issuer should issue a certificate which has a wildcard DNS name defined" classname="cert-manager e2e suite" time="25.111843731"></testcase>
      <testcase name="[Conformance] Certificates with External Account Binding with issuer type ACME HTTP01 Issuer should issue another certificate with the same private key if the existing certificate and CertificateRequest are deleted" classname="cert-manager e2e suite" time="84.048371353"></testcase>
      <testcase name="[Conformance] Certificates with issuer type CA ClusterIssuer should issue a certificate that defines a DNS Name and sets a duration" classname="cert-manager e2e suite" time="18.04750823"></testcase>
      <testcase name="[Conformance] Certificates with issuer type VaultAppRole ClusterIssuer should issue a basic, defaulted certificate for a single commonName and distinct dnsName defined by an ingress with annotations" classname="cert-manager e2e suite" time="26.101786903"></testcase>
      <testcase name="[Conformance] Certificates with issuer type SelfSigned Issuer should issue a basic, defaulted certificate for a single commonName and distinct dnsName defined by an ingress with annotations" classname="cert-manager e2e suite" time="14.54499249"></testcase>
      <testcase name="[cert-manager] CA Injector for mutating webhooks should inject the apiserver CA if the inject-apiserver-ca annotation is present" classname="cert-manager e2e suite" time="2.032922101"></testcase>
  </testsuite>