<?xml version="1.0" encoding="UTF-8"?>
  <testsuite name="cert-manager e2e suite" tests="11" failures="0" errors="0" time="253.972">
      <testcase name="[cert-manager] CA Injector for conversion webhooks should inject a CA directly from a secret if the inject-ca-from-secret annotation is present" classname="cert-manager e2e suite" time="0.718972045">
          <skipped></skipped>
      </testcase>
      <testcase name="[Conformance] Certificates with issuer type CA Issuer should issue a certificate that defines a CommonName and URI SAN" classname="cert-manager e2e suite" time="22.117725057"></testcase>
      <testcase name="[Conformance] Certificates with issuer type SelfSigned ClusterIssuer should issue a certificate that defines a distinct DNS Name and another distinct Common Name" classname="cert-manager e2e suite" time="17.035649858"></testcase>
      <testcase name="[Conformance] Certificates with issuer type SelfSigned ClusterIssuer should issue a certificate that defines a DNS Name and sets a duration" classname="cert-manager e2e suite" time="16.087249007"></testcase>
      <testcase name="[Conformance] Certificates with issuer type ACME HTTP01 ClusterIssuer should issue an ECDSA, defaulted certificate for a single distinct dnsName" classname="cert-manager e2e suite" time="54.060657401"></testcase>
      <testcase name="[cert-manager] ACME Certificate (HTTP01) should obtain a signed ecdsa certificate with a single CN from the ACME server" classname="cert-manager e2e suite" time="47.542538252"></testcase>
      <testcase name="[cert-manager] CA Injector for validating webhooks should inject the apiserver CA if the inject-apiserver-ca annotation is present" classname="cert-manager e2e suite" time="4.532619485"></testcase>
      <testcase name="[cert-manager] Vault ClusterIssuer CertificateRequest (AppRole) should generate a new certificate with Vault configured maximum TTL duration (90 days) when requested duration is greater than TTL" classname="cert-manager e2e suite" time="13.81146897"></testcase>
      <testcase name="[cert-manager] CA Certificate when the CA is an issuer should generate a signed keypair" classname="cert-manager e2e suite" time="22.058098593"></testcase>
      <testcase name="[cert-manager] Vault Issuer Certificate (AppRole) should generate a new certificate valid for the default value (90 days)" classname="cert-manager e2e suite" time="22.943591749"></testcase>
      <testcase name="[Conformance] Certificates with issuer type VaultAppRole Issuer should issue a certificate that defines a distinct DNS Name and another distinct Common Name" classname="cert-manager e2e suite" time="30.312338003"></testcase>
  </testsuite>