<?xml version="1.0" encoding="UTF-8"?>
  <testsuite name="cert-manager e2e suite" tests="9" failures="0" errors="0" time="253.987">
      <testcase name="[cert-manager] SelfSigned CertificateRequest Self Signed and private key should generate a signed certificate valid for the default duration (90 days)" classname="cert-manager e2e suite" time="3.827546035"></testcase>
      <testcase name="[Conformance] [RBAC] Issuers with namespace admin access should be able to delete issuers" classname="cert-manager e2e suite" time="1.059070849"></testcase>
      <testcase name="[Conformance] Certificates with External Account Binding with issuer type ACME DNS01 Issuer should issue a certificate which has a wildcard DNS name defined" classname="cert-manager e2e suite" time="86.068542588"></testcase>
      <testcase name="[Conformance] Certificates with issuer type CA ClusterIssuer should issue a basic, defaulted certificate for a single distinct DNS Name" classname="cert-manager e2e suite" time="21.096156445"></testcase>
      <testcase name="[Conformance] Certificates with External Account Binding with issuer type ACME HTTP01 ClusterIssuer should issue another certificate with the same private key if the existing certificate and CertificateRequest are deleted" classname="cert-manager e2e suite" time="58.084093213"></testcase>
      <testcase name="[cert-manager] CA Injector for mutating webhooks should inject the CA data into all CA fields" classname="cert-manager e2e suite" time="15.038786811"></testcase>
      <testcase name="[Conformance] [RBAC] CertificateRequests with namespace view access shouldn&#39;t be able to create certificaterequests" classname="cert-manager e2e suite" time="1.02111527"></testcase>
      <testcase name="[Conformance] Certificates with issuer type ACME HTTP01 Issuer should issue a basic, defaulted certificate for a single commonName and distinct dnsName defined by an ingress with annotations" classname="cert-manager e2e suite" time="50.03828653"></testcase>
  </testsuite>