<?xml version="1.0" encoding="UTF-8"?>
  <testsuite name="cert-manager e2e suite" tests="9" failures="0" errors="0" time="254.044">
      <testcase name="[cert-manager] CA Injector for mutating webhooks should refuse to inject a CA directly from a secret if the allow-direct-injection annotation is not &#39;true&#39;" classname="cert-manager e2e suite" time="10.29025338"></testcase>
      <testcase name="[Conformance] Certificates with issuer type SelfSigned ClusterIssuer should issue a certificate that defines an Email Address" classname="cert-manager e2e suite" time="18.04282027"></testcase>
      <testcase name="[Conformance] Certificates with issuer type VaultAppRole ClusterIssuer should issue a certificate that defines a CommonName and URI SAN" classname="cert-manager e2e suite" time="34.076825579"></testcase>
      <testcase name="[Conformance] [RBAC] Issuers with namespace admin access should be able to patch issuers" classname="cert-manager e2e suite" time="1.02984015"></testcase>
      <testcase name="[Conformance] [RBAC] CertificateRequests with namespace view access shouldn&#39;t be able to delete certificaterequests" classname="cert-manager e2e suite" time="1.031698911"></testcase>
      <testcase name="[Conformance] [RBAC] Issuers with namespace admin access should be able to create issuers" classname="cert-manager e2e suite" time="1.01970997"></testcase>
      <testcase name="[cert-manager] Vault Issuer CertificateRequest (AppRole) should generate a new certificate valid for the default value (90 days)" classname="cert-manager e2e suite" time="22.70861638"></testcase>
      <testcase name="[cert-manager] ACME CertificateRequest (DNS01) With rfc2136 credentials configured should obtain a signed certificate for a wildcard and apex domain" classname="cert-manager e2e suite" time="136.778597221"></testcase>
  </testsuite>